[0.006s] Invoking command in '/home/user/ros2_ws/src/ros2_kdl_package/build/ros2_kdl_package': CMAKE_PREFIX_PATH=${CMAKE_PREFIX_PATH}:/home/user/ros2_ws/install/joint_state_publisher_gui:/home/user/ros2_ws/install/joint_state_publisher:/opt/ros/humble /usr/bin/cmake /home/user/ros2_ws/src/ros2_kdl_package -DCMAKE_INSTALL_PREFIX=/home/user/ros2_ws/src/ros2_kdl_package/install/ros2_kdl_package
[0.071s] -- The C compiler identification is GNU 11.4.0
[0.172s] -- The CXX compiler identification is GNU 11.4.0
[0.177s] -- Detecting C compiler ABI info
[0.289s] -- Detecting C compiler ABI info - done
[0.296s] -- Check for working C compiler: /usr/bin/cc - skipped
[0.296s] -- Detecting C compile features
[0.296s] -- Detecting C compile features - done
[0.300s] -- Detecting CXX compiler ABI info
[0.379s] -- Detecting CXX compiler ABI info - done
[0.383s] -- Check for working CXX compiler: /usr/bin/c++ - skipped
[0.383s] -- Detecting CXX compile features
[0.383s] -- Detecting CXX compile features - done
[0.386s] -- Found ament_cmake: 1.3.12 (/opt/ros/humble/share/ament_cmake/cmake)
[0.485s] -- Found Python3: /usr/bin/python3 (found version "3.10.12") found components: Interpreter 
[0.552s] -- Found urdf: 2.6.1 (/opt/ros/humble/share/urdf/cmake)
[0.592s] -- Found kdl_parser: 2.6.4 (/opt/ros/humble/share/kdl_parser/cmake)
[0.596s] -- Found eigen3_cmake_module: 0.1.1 (/opt/ros/humble/share/eigen3_cmake_module/cmake)
[0.597s] -- Found Eigen3: TRUE (found version "3.4.0") 
[0.597s] -- Ensuring Eigen3 include directory is part of orocos-kdl CMake target
[0.599s] -- Found sensor_msgs: 4.9.0 (/opt/ros/humble/share/sensor_msgs/cmake)
[0.618s] -- Found rosidl_generator_c: 3.1.7 (/opt/ros/humble/share/rosidl_generator_c/cmake)
[0.623s] -- Found rosidl_adapter: 3.1.7 (/opt/ros/humble/share/rosidl_adapter/cmake)
[0.629s] -- Found rosidl_generator_cpp: 3.1.7 (/opt/ros/humble/share/rosidl_generator_cpp/cmake)
[0.637s] -- Using all available rosidl_typesupport_c: rosidl_typesupport_fastrtps_c;rosidl_typesupport_introspection_c
[0.646s] -- Using all available rosidl_typesupport_cpp: rosidl_typesupport_fastrtps_cpp;rosidl_typesupport_introspection_cpp
[0.683s] -- Found rclcpp: 16.0.15 (/opt/ros/humble/share/rclcpp/cmake)
[0.711s] -- Found rmw_implementation_cmake: 6.1.2 (/opt/ros/humble/share/rmw_implementation_cmake/cmake)
[0.714s] -- Found rmw_fastrtps_cpp: 6.2.9 (/opt/ros/humble/share/rmw_fastrtps_cpp/cmake)
[0.732s] -- Found TinyXML2 via Config file: TinyXML2_DIR-NOTFOUND
[0.790s] -- Found OpenSSL: /usr/lib/x86_64-linux-gnu/libcrypto.so (found version "3.0.2")  
[0.793s] -- Found TinyXML2 via Config file: TinyXML2_DIR-NOTFOUND
[0.803s] -- Found FastRTPS: /opt/ros/humble/include  
[0.806s] -- Found TinyXML2 via Config file: TinyXML2_DIR-NOTFOUND
[0.813s] -- Found TinyXML2 via Config file: TinyXML2_DIR-NOTFOUND
[0.824s] -- Using RMW implementation 'rmw_fastrtps_cpp' as default
[0.838s] -- Looking for pthread.h
[0.895s] -- Looking for pthread.h - found
[0.895s] -- Performing Test CMAKE_HAVE_LIBC_PTHREAD
[0.993s] -- Performing Test CMAKE_HAVE_LIBC_PTHREAD - Success
[0.994s] -- Found Threads: TRUE  
[1.034s] -- Found ament_lint_auto: 0.12.14 (/opt/ros/humble/share/ament_lint_auto/cmake)
[1.083s] -- Added test 'cppcheck' to perform static code analysis on C / C++ code
[1.083s] -- Configured cppcheck include dirs: $<BUILD_INTERFACE:/home/user/ros2_ws/src/ros2_kdl_package/include>
[1.083s] -- Configured cppcheck exclude dirs and/or files: 
[1.084s] -- Added test 'flake8' to check Python code syntax and style conventions
[1.085s] -- Added test 'lint_cmake' to check CMake code style
[1.086s] -- Added test 'pep257' to check Python code against some of the docstring style conventions in PEP 257
[1.091s] -- Added test 'uncrustify' to check C / C++ code style
[1.091s] -- Configured uncrustify additional arguments: 
[1.092s] -- Added test 'xmllint' to check XML markup files
[1.093s] -- Configuring done
[1.100s] -- Generating done
[1.103s] -- Build files have been written to: /home/user/ros2_ws/src/ros2_kdl_package/build/ros2_kdl_package
[1.109s] Invoked command in '/home/user/ros2_ws/src/ros2_kdl_package/build/ros2_kdl_package' returned '0': CMAKE_PREFIX_PATH=${CMAKE_PREFIX_PATH}:/home/user/ros2_ws/install/joint_state_publisher_gui:/home/user/ros2_ws/install/joint_state_publisher:/opt/ros/humble /usr/bin/cmake /home/user/ros2_ws/src/ros2_kdl_package -DCMAKE_INSTALL_PREFIX=/home/user/ros2_ws/src/ros2_kdl_package/install/ros2_kdl_package
[1.111s] Invoking command in '/home/user/ros2_ws/src/ros2_kdl_package/build/ros2_kdl_package': CMAKE_PREFIX_PATH=${CMAKE_PREFIX_PATH}:/home/user/ros2_ws/install/joint_state_publisher_gui:/home/user/ros2_ws/install/joint_state_publisher:/opt/ros/humble /usr/bin/cmake --build /home/user/ros2_ws/src/ros2_kdl_package/build/ros2_kdl_package -- -j32 -l32
[1.152s] [ 14%] [32mBuilding CXX object CMakeFiles/ros2_kdl_node.dir/src/ros2_kdl_node.cpp.o[0m
[1.154s] [ 28%] [32mBuilding CXX object CMakeFiles/ros2_kdl_node.dir/src/kdl_robot.cpp.o[0m
[1.155s] [ 42%] [32mBuilding CXX object CMakeFiles/ros2_kdl_node.dir/src/kdl_planner.cpp.o[0m
[1.156s] [ 57%] [32mBuilding CXX object CMakeFiles/ros2_kdl_node.dir/src/kdl_control.cpp.o[0m
[1.157s] [ 71%] [32mBuilding CXX object CMakeFiles/ros2_kdl_node_example.dir/src/ros2_kdl_node_example.cpp.o[0m
[2.144s] [01m[K/home/user/ros2_ws/src/ros2_kdl_package/src/kdl_control.cpp:[m[K In member function â€˜[01m[KEigen::VectorXd KDLController::idCntr(KDL::Frame&, KDL::Twist&, KDL::Twist&, double, double, double, double)[m[Kâ€™:
[2.144s] [01m[K/home/user/ros2_ws/src/ros2_kdl_package/src/kdl_control.cpp:33:1:[m[K [01;35m[Kwarning: [m[Kno return statement in function returning non-void [[01;35m[K-Wreturn-type[m[K]
[2.144s]    33 | [01;35m[K}[m[K
[2.144s]       | [01;35m[K^[m[K
[2.144s] [01m[K/home/user/ros2_ws/src/ros2_kdl_package/src/kdl_control.cpp:26:51:[m[K [01;35m[Kwarning: [m[Kunused parameter â€˜[01m[K_desPos[m[Kâ€™ [[01;35m[K-Wunused-parameter[m[K]
[2.144s]    26 | Eigen::VectorXd KDLController::idCntr([01;35m[KKDL::Frame &_desPos[m[K,
[2.144s]       |                                       [01;35m[K~~~~~~~~~~~~^~~~~~~[m[K
[2.144s] [01m[K/home/user/ros2_ws/src/ros2_kdl_package/src/kdl_control.cpp:27:51:[m[K [01;35m[Kwarning: [m[Kunused parameter â€˜[01m[K_desVel[m[Kâ€™ [[01;35m[K-Wunused-parameter[m[K]
[2.144s]    27 |                                       [01;35m[KKDL::Twist &_desVel[m[K,
[2.144s]       |                                       [01;35m[K~~~~~~~~~~~~^~~~~~~[m[K
[2.144s] [01m[K/home/user/ros2_ws/src/ros2_kdl_package/src/kdl_control.cpp:28:51:[m[K [01;35m[Kwarning: [m[Kunused parameter â€˜[01m[K_desAcc[m[Kâ€™ [[01;35m[K-Wunused-parameter[m[K]
[2.144s]    28 |                                       [01;35m[KKDL::Twist &_desAcc[m[K,
[2.144s]       |                                       [01;35m[K~~~~~~~~~~~~^~~~~~~[m[K
[2.144s] [01m[K/home/user/ros2_ws/src/ros2_kdl_package/src/kdl_control.cpp:29:46:[m[K [01;35m[Kwarning: [m[Kunused parameter â€˜[01m[K_Kpp[m[Kâ€™ [[01;35m[K-Wunused-parameter[m[K]
[2.144s]    29 |                                       [01;35m[Kdouble _Kpp[m[K, double _Kpo,
[2.144s]       |                                       [01;35m[K~~~~~~~^~~~[m[K
[2.144s] [01m[K/home/user/ros2_ws/src/ros2_kdl_package/src/kdl_control.cpp:29:59:[m[K [01;35m[Kwarning: [m[Kunused parameter â€˜[01m[K_Kpo[m[Kâ€™ [[01;35m[K-Wunused-parameter[m[K]
[2.144s]    29 |                                       double _Kpp, [01;35m[Kdouble _Kpo[m[K,
[2.144s]       |                                                    [01;35m[K~~~~~~~^~~~[m[K
[2.144s] [01m[K/home/user/ros2_ws/src/ros2_kdl_package/src/kdl_control.cpp:30:46:[m[K [01;35m[Kwarning: [m[Kunused parameter â€˜[01m[K_Kdp[m[Kâ€™ [[01;35m[K-Wunused-parameter[m[K]
[2.144s]    30 |                                       [01;35m[Kdouble _Kdp[m[K, double _Kdo)
[2.144s]       |                                       [01;35m[K~~~~~~~^~~~[m[K
[2.144s] [01m[K/home/user/ros2_ws/src/ros2_kdl_package/src/kdl_control.cpp:30:59:[m[K [01;35m[Kwarning: [m[Kunused parameter â€˜[01m[K_Kdo[m[Kâ€™ [[01;35m[K-Wunused-parameter[m[K]
[2.144s]    30 |                                       double _Kdp, [01;35m[Kdouble _Kdo[m[K)
[2.144s]       |                                                    [01;35m[K~~~~~~~^~~~[m[K
[2.551s] [01m[K/home/user/ros2_ws/src/ros2_kdl_package/src/ros2_kdl_node_example.cpp:[m[K In function â€˜[01m[Kint main(int, char**)[m[Kâ€™:
[2.551s] [01m[K/home/user/ros2_ws/src/ros2_kdl_package/src/ros2_kdl_node_example.cpp:51:25:[m[K [01;35m[Kwarning: [m[Kcomparison of constant â€˜[01m[K0[m[Kâ€™ with boolean expression is always true [[01;35m[K-Wbool-compare[m[K]
[2.551s]    51 |     if([01;35m[Kkinematics_status>=0[m[K){
[2.551s]       |        [01;35m[K~~~~~~~~~~~~~~~~~^~~[m[K
[2.810s] [ 85%] [32m[1mLinking CXX executable ros2_kdl_node_example[0m
[2.884s] [ 85%] Built target ros2_kdl_node_example
[7.244s] gmake[2]: *** [CMakeFiles/ros2_kdl_node.dir/build.make:76: CMakeFiles/ros2_kdl_node.dir/src/ros2_kdl_node.cpp.o] Interrupt
[7.245s] gmake[1]: *** [CMakeFiles/Makefile2:139: CMakeFiles/ros2_kdl_node.dir/all] Interrupt
[7.245s] gmake: *** [Makefile:146: all] Interrupt
[7.268s] Invoked command in '/home/user/ros2_ws/src/ros2_kdl_package/build/ros2_kdl_package' returned '-2': CMAKE_PREFIX_PATH=${CMAKE_PREFIX_PATH}:/home/user/ros2_ws/install/joint_state_publisher_gui:/home/user/ros2_ws/install/joint_state_publisher:/opt/ros/humble /usr/bin/cmake --build /home/user/ros2_ws/src/ros2_kdl_package/build/ros2_kdl_package -- -j32 -l32
